#
# There is insufficient memory for the Java Runtime Environment to continue.
# Native memory allocation (malloc) failed to allocate 1048576 bytes for AllocateHeap
# Possible reasons:
#   The system is out of physical RAM or swap space
#   The process is running with CompressedOops enabled, and the Java Heap may be blocking the growth of the native heap
# Possible solutions:
#   Reduce memory load on the system
#   Increase physical memory or swap space
#   Check if swap backing store is full
#   Decrease Java heap size (-Xmx/-Xms)
#   Decrease number of Java threads
#   Decrease Java thread stack sizes (-Xss)
#   Set larger code cache with -XX:ReservedCodeCacheSize=
#   JVM is running with Unscaled Compressed Oops mode in which the Java heap is
#     placed in the first 4GB address space. The Java Heap base address is the
#     maximum limit for the native heap growth. Please use -XX:HeapBaseMinAddress
#     to set the Java Heap base and to place the Java Heap above 4GB virtual address.
# This output file may be truncated or incomplete.
#
#  Out of Memory Error (allocation.cpp:44), pid=63400, tid=65212
#
# JRE version:  (17.0.2+8) (build )
# Java VM: OpenJDK 64-Bit Server VM (17.0.2+8, mixed mode, tiered, compressed oops, compressed class ptrs, parallel gc, windows-amd64)
# No core dump will be written. Minidumps are not enabled by default on client versions of Windows
#

---------------  S U M M A R Y ------------

Command Line: --add-modules=ALL-SYSTEM --add-opens=java.base/java.util=ALL-UNNAMED --add-opens=java.base/java.lang=ALL-UNNAMED --add-opens=java.base/sun.nio.fs=ALL-UNNAMED -Declipse.application=org.eclipse.jdt.ls.core.id1 -Dosgi.bundles.defaultStartLevel=4 -Declipse.product=org.eclipse.jdt.ls.core.product -Djava.import.generatesMetadataFilesAtProjectRoot=false -Dfile.encoding=utf8 -DwatchParentProcess=false -XX:+UseParallelGC -XX:GCTimeRatio=4 -XX:AdaptiveSizePolicyWeight=90 -Dsun.zip.disableMemoryMapping=true -Xmx1G -Xms100m -XX:+HeapDumpOnOutOfMemoryError -XX:HeapDumpPath=c:\Users\0529y\AppData\Roaming\Code\User\workspaceStorage\4d2e51faee2052c1a8b586c967f72c3a\redhat.java c:\Users\0529y\.vscode\extensions\redhat.java-1.6.0-win32-x64\server\plugins\org.eclipse.equinox.launcher_1.6.400.v20210924-0641.jar -configuration c:\Users\0529y\AppData\Roaming\Code\User\globalStorage\redhat.java\1.6.0\config_win -data c:\Users\0529y\AppData\Roaming\Code\User\workspaceStorage\4d2e51faee2052c1a8b586c967f72c3a\redhat.java\jdt_ws

Host: Intel(R) Core(TM) i7-8750H CPU @ 2.20GHz, 12 cores, 15G,  Windows 11 , 64 bit Build 22000 (10.0.22000.708)
Time: Thu Jul  7 22:43:38 2022  Windows 11 , 64 bit Build 22000 (10.0.22000.708) elapsed time: 0.104354 seconds (0d 0h 0m 0s)

---------------  T H R E A D  ---------------

Current thread (0x000001ecf9005510):  JavaThread "Unknown thread" [_thread_in_vm, id=65212, stack(0x0000005ae7900000,0x0000005ae7a00000)]

Stack: [0x0000005ae7900000,0x0000005ae7a00000]
Native frames: (J=compiled Java code, j=interpreted, Vv=VM code, C=native code)
V  [jvm.dll+0x67564a]
V  [jvm.dll+0x82fc04]
V  [jvm.dll+0x8313ae]
V  [jvm.dll+0x831a13]
V  [jvm.dll+0x245235]
V  [jvm.dll+0xa6393]
V  [jvm.dll+0x6a7a5a]
V  [jvm.dll+0x6a871f]
V  [jvm.dll+0x681d13]
V  [jvm.dll+0x801f98]
V  [jvm.dll+0x369004]
V  [jvm.dll+0x7e0cdc]
V  [jvm.dll+0x3eb8bf]
V  [jvm.dll+0x3ed441]
C  [jli.dll+0x5277]
C  [ucrtbase.dll+0x26c0c]
C  [KERNEL32.DLL+0x154e0]
C  [ntdll.dll+0x485b]


---------------  P R O C E S S  ---------------

Threads class SMR info:
_java_thread_list=0x00007ff801cb5e98, length=0, elements={
}

Java Threads: ( => current thread )

Other Threads:
  0x000001ecf901be50 GCTaskThread "GC Thread#0" [stack: 0x0000005ae7a00000,0x0000005ae7b00000] [id=38016]

=>0x000001ecf9005510 (exited) JavaThread "Unknown thread" [_thread_in_vm, id=65212, stack(0x0000005ae7900000,0x0000005ae7a00000)]

Threads with active compile tasks:

VM state: not at safepoint (normal execution)

VM Mutex/Monitor currently owned by a thread: None

Heap address: 0x00000000c0000000, size: 1024 MB, Compressed Oops mode: 32-bit

CDS archive(s) not mapped
Compressed class space mapped at: 0x0000000100000000-0x0000000140000000, reserved size: 1073741824
Narrow klass base: 0x0000000000000000, Narrow klass shift: 3, Narrow klass range: 0x140000000

GC Precious Log:
 CPUs: 12 total, 12 available
 Memory: 16318M
 Large Page Support: Disabled
 NUMA Support: Disabled
 Compressed Oops: Enabled (32-bit)
 Alignments: Space 512K, Generation 512K, Heap 2M
 Heap Min Capacity: 100M
 Heap Initial Capacity: 100M
 Heap Max Capacity: 1G
 Pre-touch: Disabled
 Parallel Workers: 10

Heap:
 PSYoungGen      total 29696K, used 512K [0x00000000eab00000, 0x00000000ecc00000, 0x0000000100000000)
  eden space 25600K, 2% used [0x00000000eab00000,0x00000000eab80070,0x00000000ec400000)
  from space 4096K, 0% used [0x00000000ec800000,0x00000000ec800000,0x00000000ecc00000)
  to   space 4096K, 0% used [0x00000000ec400000,0x00000000ec400000,0x00000000ec800000)
 ParOldGen       total 68608K, used 0K [0x00000000c0000000, 0x00000000c4300000, 0x00000000eab00000)
  object space 68608K, 0% used [0x00000000c0000000,0x00000000c0000000,0x00000000c4300000)
 Metaspace       used 1149K, committed 1216K, reserved 1056768K
  class space    used 101K, committed 128K, reserved 1048576K

Card table byte_map: [0x000001ecfd640000,0x000001ecfd850000] _byte_map_base: 0x000001ecfd040000

Marking Bits: (ParMarkBitMap*) 0x00007ff801d23af0
 Begin Bits: [0x000001ecfd9b0000, 0x000001ecfe9b0000)
 End Bits:   [0x000001ecfe9b0000, 0x000001ecff9b0000)

Polling page: 0x000001ecf90d0000

Metaspace:

Usage:
  Non-class:      1.02 MB used.
      Class:    101.01 KB used.
       Both:      1.12 MB used.

Virtual space:
  Non-class space:        8.00 MB reserved,       1.06 MB ( 13%) committed,  1 nodes.
      Class space:        1.00 GB reserved,     128.00 KB ( <1%) committed,  1 nodes.
             Both:        1.01 GB reserved,       1.19 MB ( <1%) committed. 

Chunk freelists:
   Non-Class:  0 bytes
       Class:  3.75 MB
        Both:  3.75 MB

MaxMetaspaceSize: unlimited
CompressedClassSpaceSize: 1.00 GB
Initial GC threshold: 21.00 MB
Current GC threshold: 17179869184.00 GB
CDS: off
MetaspaceReclaimPolicy: balanced
 - commit_granule_bytes: 65536.
 - commit_granule_words: 8192.
 - virtual_space_node_default_size: 1048576.
 - enlarge_chunks_in_place: 1.
 - new_chunks_are_fully_committed: 0.
 - uncommit_free_chunks: 1.
 - use_allocation_guard: 0.
 - handle_deallocations: 1.


Internal statistics:

num_allocs_failed_limit: 0.
num_arena_births: 2.
num_arena_deaths: 0.
num_vsnodes_births: 2.
num_vsnodes_deaths: 0.
num_space_committed: 19.
num_space_uncommitted: 0.
num_chunks_returned_to_freelist: 0.
num_chunks_taken_from_freelist: 3.
num_chunk_merges: 0.
num_chunk_splits: 1.
num_chunks_enlarged: 0.
num_purges: 0.
num_inconsistent_stats: 0.

CodeHeap 'non-profiled nmethods': size=120000Kb used=0Kb max_used=0Kb free=120000Kb
 bounds [0x000001ec87ad0000, 0x000001ec87d40000, 0x000001ec8f000000]
CodeHeap 'profiled nmethods': size=120000Kb used=0Kb max_used=0Kb free=120000Kb
 bounds [0x000001ec805a0000, 0x000001ec80810000, 0x000001ec87ad0000]
CodeHeap 'non-nmethods': size=5760Kb used=202Kb max_used=335Kb free=5557Kb
 bounds [0x000001ec80000000, 0x000001ec80270000, 0x000001ec805a0000]
 total_blobs=66 nmethods=0 adapters=47
 compilation: enabled
              stopped_count=0, restarted_count=0
 full_count=0

Compilation events (0 events):
No events

GC Heap History (0 events):
No events

Deoptimization events (0 events):
No events

Classes unloaded (0 events):
No events

Classes redefined (0 events):
No events

Internal exceptions (0 events):
No events

VM Operations (0 events):
No events

Events (20 events):
Event: 0.077 loading class java/lang/Long
Event: 0.077 loading class java/lang/Long done
Event: 0.077 loading class java/util/Iterator
Event: 0.078 loading class java/util/Iterator done
Event: 0.078 loading class java/lang/reflect/RecordComponent
Event: 0.078 loading class java/lang/reflect/RecordComponent done
Event: 0.078 loading class jdk/internal/vm/vector/VectorSupport
Event: 0.078 loading class jdk/internal/vm/vector/VectorSupport done
Event: 0.078 loading class jdk/internal/vm/vector/VectorSupport$VectorPayload
Event: 0.078 loading class jdk/internal/vm/vector/VectorSupport$VectorPayload done
Event: 0.078 loading class jdk/internal/vm/vector/VectorSupport$Vector
Event: 0.078 loading class jdk/internal/vm/vector/VectorSupport$Vector done
Event: 0.078 loading class jdk/internal/vm/vector/VectorSupport$VectorMask
Event: 0.078 loading class jdk/internal/vm/vector/VectorSupport$VectorMask done
Event: 0.078 loading class jdk/internal/vm/vector/VectorSupport$VectorShuffle
Event: 0.078 loading class jdk/internal/vm/vector/VectorSupport$VectorShuffle done
Event: 0.085 loading class java/lang/NullPointerException
Event: 0.086 loading class java/lang/NullPointerException done
Event: 0.086 loading class java/lang/ArithmeticException
Event: 0.086 loading class java/lang/ArithmeticException done


Dynamic libraries:
0x00007ff7311c0000 - 0x00007ff7311ce000 	c:\Users\0529y\.vscode\extensions\redhat.java-1.6.0-win32-x64\jre\17.0.2-win32-x86_64\bin\java.exe
0x00007ff879e60000 - 0x00007ff87a069000 	C:\WINDOWS\SYSTEM32\ntdll.dll
0x00007ff878640000 - 0x00007ff8786fd000 	C:\WINDOWS\System32\KERNEL32.DLL
0x00007ff8775c0000 - 0x00007ff877939000 	C:\WINDOWS\System32\KERNELBASE.dll
0x00007ff873860000 - 0x00007ff8738f1000 	C:\WINDOWS\SYSTEM32\apphelp.dll
0x00007ff877340000 - 0x00007ff877451000 	C:\WINDOWS\System32\ucrtbase.dll
0x00007ff846330000 - 0x00007ff846348000 	c:\Users\0529y\.vscode\extensions\redhat.java-1.6.0-win32-x64\jre\17.0.2-win32-x86_64\bin\jli.dll
0x00007ff879950000 - 0x00007ff879afc000 	C:\WINDOWS\System32\USER32.dll
0x00007ff8779c0000 - 0x00007ff8779e6000 	C:\WINDOWS\System32\win32u.dll
0x00007ff879cd0000 - 0x00007ff879cf9000 	C:\WINDOWS\System32\GDI32.dll
0x00007ff877bd0000 - 0x00007ff877ce2000 	C:\WINDOWS\System32\gdi32full.dll
0x00007ff877520000 - 0x00007ff8775bd000 	C:\WINDOWS\System32\msvcp_win.dll
0x00007ff845df0000 - 0x00007ff845e09000 	c:\Users\0529y\.vscode\extensions\redhat.java-1.6.0-win32-x64\jre\17.0.2-win32-x86_64\bin\VCRUNTIME140.dll
0x00007ff876560000 - 0x00007ff876805000 	C:\WINDOWS\WinSxS\amd64_microsoft.windows.common-controls_6595b64144ccf1df_6.0.22000.120_none_9d947278b86cc467\COMCTL32.dll
0x00007ff879530000 - 0x00007ff8795d3000 	C:\WINDOWS\System32\msvcrt.dll
0x00007ff879c20000 - 0x00007ff879c51000 	C:\WINDOWS\System32\IMM32.DLL
0x00007ff85ad10000 - 0x00007ff85ad1c000 	c:\Users\0529y\.vscode\extensions\redhat.java-1.6.0-win32-x64\jre\17.0.2-win32-x86_64\bin\vcruntime140_1.dll
0x00007ff83e500000 - 0x00007ff83e591000 	c:\Users\0529y\.vscode\extensions\redhat.java-1.6.0-win32-x64\jre\17.0.2-win32-x86_64\bin\msvcp140.dll
0x00007ff8011a0000 - 0x00007ff801de7000 	c:\Users\0529y\.vscode\extensions\redhat.java-1.6.0-win32-x64\jre\17.0.2-win32-x86_64\bin\server\jvm.dll
0x00007ff8793a0000 - 0x00007ff87944e000 	C:\WINDOWS\System32\ADVAPI32.dll
0x00007ff878980000 - 0x00007ff878a1e000 	C:\WINDOWS\System32\sechost.dll
0x00007ff879b00000 - 0x00007ff879c20000 	C:\WINDOWS\System32\RPCRT4.dll
0x00007ff879700000 - 0x00007ff879708000 	C:\WINDOWS\System32\PSAPI.DLL
0x00007ff85be00000 - 0x00007ff85be09000 	C:\WINDOWS\SYSTEM32\WSOCK32.dll
0x00007ff878900000 - 0x00007ff87896f000 	C:\WINDOWS\System32\WS2_32.dll
0x00007ff86cd00000 - 0x00007ff86cd33000 	C:\WINDOWS\SYSTEM32\WINMM.dll
0x00007ff86e380000 - 0x00007ff86e38a000 	C:\WINDOWS\SYSTEM32\VERSION.dll
0x00007ff876340000 - 0x00007ff876358000 	C:\WINDOWS\SYSTEM32\kernel.appcore.dll
0x00007ff85a9d0000 - 0x00007ff85a9da000 	c:\Users\0529y\.vscode\extensions\redhat.java-1.6.0-win32-x64\jre\17.0.2-win32-x86_64\bin\jimage.dll
0x00007ff876c90000 - 0x00007ff876eb1000 	C:\WINDOWS\SYSTEM32\DBGHELP.DLL
0x00007ff876b60000 - 0x00007ff876b91000 	C:\WINDOWS\SYSTEM32\dbgcore.DLL
0x00007ff877940000 - 0x00007ff8779bf000 	C:\WINDOWS\System32\bcryptPrimitives.dll
0x00007ff83d880000 - 0x00007ff83d8a5000 	c:\Users\0529y\.vscode\extensions\redhat.java-1.6.0-win32-x64\jre\17.0.2-win32-x86_64\bin\java.dll
0x00007ff844ab0000 - 0x00007ff844ac8000 	c:\Users\0529y\.vscode\extensions\redhat.java-1.6.0-win32-x64\jre\17.0.2-win32-x86_64\bin\zip.dll

dbghelp: loaded successfully - version: 4.0.5 - missing functions: none
symbol engine: initialized successfully - sym options: 0x614 - pdb path: .;c:\Users\0529y\.vscode\extensions\redhat.java-1.6.0-win32-x64\jre\17.0.2-win32-x86_64\bin;C:\WINDOWS\SYSTEM32;C:\WINDOWS\WinSxS\amd64_microsoft.windows.common-controls_6595b64144ccf1df_6.0.22000.120_none_9d947278b86cc467;c:\Users\0529y\.vscode\extensions\redhat.java-1.6.0-win32-x64\jre\17.0.2-win32-x86_64\bin\server

VM Arguments:
jvm_args: --add-modules=ALL-SYSTEM --add-opens=java.base/java.util=ALL-UNNAMED --add-opens=java.base/java.lang=ALL-UNNAMED --add-opens=java.base/sun.nio.fs=ALL-UNNAMED -Declipse.application=org.eclipse.jdt.ls.core.id1 -Dosgi.bundles.defaultStartLevel=4 -Declipse.product=org.eclipse.jdt.ls.core.product -Djava.import.generatesMetadataFilesAtProjectRoot=false -Dfile.encoding=utf8 -DwatchParentProcess=false -XX:+UseParallelGC -XX:GCTimeRatio=4 -XX:AdaptiveSizePolicyWeight=90 -Dsun.zip.disableMemoryMapping=true -Xmx1G -Xms100m -XX:+HeapDumpOnOutOfMemoryError -XX:HeapDumpPath=c:\Users\0529y\AppData\Roaming\Code\User\workspaceStorage\4d2e51faee2052c1a8b586c967f72c3a\redhat.java 
java_command: c:\Users\0529y\.vscode\extensions\redhat.java-1.6.0-win32-x64\server\plugins\org.eclipse.equinox.launcher_1.6.400.v20210924-0641.jar -configuration c:\Users\0529y\AppData\Roaming\Code\User\globalStorage\redhat.java\1.6.0\config_win -data c:\Users\0529y\AppData\Roaming\Code\User\workspaceStorage\4d2e51faee2052c1a8b586c967f72c3a\redhat.java\jdt_ws
java_class_path (initial): c:\Users\0529y\.vscode\extensions\redhat.java-1.6.0-win32-x64\server\plugins\org.eclipse.equinox.launcher_1.6.400.v20210924-0641.jar
Launcher Type: SUN_STANDARD

[Global flags]
    uintx AdaptiveSizePolicyWeight                 = 90                                        {product} {command line}
     intx CICompilerCount                          = 4                                         {product} {ergonomic}
    uintx GCTimeRatio                              = 4                                         {product} {command line}
     bool HeapDumpOnOutOfMemoryError               = true                                   {manageable} {command line}
    ccstr HeapDumpPath                             = c:\Users\0529y\AppData\Roaming\Code\User\workspaceStorage\4d2e51faee2052c1a8b586c967f72c3a\redhat.java         {manageable} {command line}
   size_t InitialHeapSize                          = 104857600                                 {product} {command line}
   size_t MaxHeapSize                              = 1073741824                                {product} {command line}
   size_t MaxNewSize                               = 357564416                                 {product} {ergonomic}
   size_t MinHeapDeltaBytes                        = 524288                                    {product} {ergonomic}
   size_t MinHeapSize                              = 104857600                                 {product} {command line}
   size_t NewSize                                  = 34603008                                  {product} {ergonomic}
    uintx NonNMethodCodeHeapSize                   = 5839372                                {pd product} {ergonomic}
    uintx NonProfiledCodeHeapSize                  = 122909434                              {pd product} {ergonomic}
   size_t OldSize                                  = 70254592                                  {product} {ergonomic}
    uintx ProfiledCodeHeapSize                     = 122909434                              {pd product} {ergonomic}
    uintx ReservedCodeCacheSize                    = 251658240                              {pd product} {ergonomic}
     bool SegmentedCodeCache                       = true                                      {product} {ergonomic}
   size_t SoftMaxHeapSize                          = 1073741824                             {manageable} {ergonomic}
     bool UseCompressedClassPointers               = true                           {product lp64_product} {ergonomic}
     bool UseCompressedOops                        = true                           {product lp64_product} {ergonomic}
     bool UseLargePagesIndividualAllocation        = false                                  {pd product} {ergonomic}
     bool UseParallelGC                            = true                                      {product} {command line}

Logging:
Log output configuration:
 #0: stdout all=warning uptime,level,tags
 #1: stderr all=off uptime,level,tags

Environment Variables:
JAVA_HOME=C:\Program Files\Java\jdk-11.0.15.1
PATH=C:\Program Files\Common Files\Oracle\Java\javapath;C:\Program Files\Java\jdk-11.0.15.1;C:\Windows\System32;C:\Users\0529y\AppData\Local\GitHubDesktop\app-3.0.2\resources\app\git\cmd;C:\Users\0529y\AppData\Local\Microsoft\WindowsApps;C:\Users\0529y\AppData\Local\GitHubDesktop\bin;C:\Users\0529y\AppData\Local\atom\bin;C:\Program Files\JetBrains\IntelliJ IDEA Community Edition 2022.1\bin
USERNAME=t
OS=Windows_NT
PROCESSOR_IDENTIFIER=Intel64 Family 6 Model 158 Stepping 10, GenuineIntel



---------------  S Y S T E M  ---------------

OS:
 Windows 11 , 64 bit Build 22000 (10.0.22000.708)
OS uptime: 7 days 9:15 hours
Hyper-V role detected

CPU: total 12 (initial active 12) (6 cores per cpu, 2 threads per core) family 6 model 158 stepping 10 microcode 0xde, cx8, cmov, fxsr, ht, mmx, 3dnowpref, sse, sse2, sse3, ssse3, sse4.1, sse4.2, popcnt, lzcnt, tsc, tscinvbit, avx, avx2, aes, erms, clmul, bmi1, bmi2, adx, fma, vzeroupper, clflush, clflushopt, hv

Memory: 4k page, system-wide physical 16318M (4404M free)
TotalPageFile size 45574M (AvailPageFile size 10M)
current process WorkingSet (physical memory assigned to process): 16M, peak: 16M
current process commit charge ("private bytes"): 148M, peak: 149M

vm_info: OpenJDK 64-Bit Server VM (17.0.2+8) for windows-amd64 JRE (17.0.2+8), built on Jan 20 2022 04:52:34 by "" with MS VC++ 16.7 (VS2019)

END.
