#
# There is insufficient memory for the Java Runtime Environment to continue.
# Native memory allocation (mmap) failed to map 65536 bytes for Failed to commit metaspace.
# Possible reasons:
#   The system is out of physical RAM or swap space
#   The process is running with CompressedOops enabled, and the Java Heap may be blocking the growth of the native heap
# Possible solutions:
#   Reduce memory load on the system
#   Increase physical memory or swap space
#   Check if swap backing store is full
#   Decrease Java heap size (-Xmx/-Xms)
#   Decrease number of Java threads
#   Decrease Java thread stack sizes (-Xss)
#   Set larger code cache with -XX:ReservedCodeCacheSize=
#   JVM is running with Unscaled Compressed Oops mode in which the Java heap is
#     placed in the first 4GB address space. The Java Heap base address is the
#     maximum limit for the native heap growth. Please use -XX:HeapBaseMinAddress
#     to set the Java Heap base and to place the Java Heap above 4GB virtual address.
# This output file may be truncated or incomplete.
#
#  Out of Memory Error (virtualSpaceNode.cpp:110), pid=50932, tid=72808
#
# JRE version: OpenJDK Runtime Environment Temurin-17.0.2+8 (17.0.2+8) (build 17.0.2+8)
# Java VM: OpenJDK 64-Bit Server VM Temurin-17.0.2+8 (17.0.2+8, mixed mode, tiered, compressed oops, compressed class ptrs, parallel gc, windows-amd64)
# No core dump will be written. Minidumps are not enabled by default on client versions of Windows
#

---------------  S U M M A R Y ------------

Command Line: --add-modules=ALL-SYSTEM --add-opens=java.base/java.util=ALL-UNNAMED --add-opens=java.base/java.lang=ALL-UNNAMED --add-opens=java.base/sun.nio.fs=ALL-UNNAMED -Declipse.application=org.eclipse.jdt.ls.core.id1 -Dosgi.bundles.defaultStartLevel=4 -Declipse.product=org.eclipse.jdt.ls.core.product -Djava.import.generatesMetadataFilesAtProjectRoot=false -Dfile.encoding=utf8 -DwatchParentProcess=false -XX:+UseParallelGC -XX:GCTimeRatio=4 -XX:AdaptiveSizePolicyWeight=90 -Dsun.zip.disableMemoryMapping=true -Xmx1G -Xms100m -XX:+HeapDumpOnOutOfMemoryError -XX:HeapDumpPath=c:\Users\0529y\AppData\Roaming\Code\User\workspaceStorage\4d2e51faee2052c1a8b586c967f72c3a\redhat.java c:\Users\0529y\.vscode\extensions\redhat.java-1.6.0-win32-x64\server\plugins\org.eclipse.equinox.launcher_1.6.400.v20210924-0641.jar -configuration c:\Users\0529y\AppData\Roaming\Code\User\globalStorage\redhat.java\1.6.0\config_win -data c:\Users\0529y\AppData\Roaming\Code\User\workspaceStorage\4d2e51faee2052c1a8b586c967f72c3a\redhat.java\jdt_ws

Host: Intel(R) Core(TM) i7-8750H CPU @ 2.20GHz, 12 cores, 15G,  Windows 11 , 64 bit Build 22000 (10.0.22000.708)
Time: Thu Jul  7 22:43:43 2022  Windows 11 , 64 bit Build 22000 (10.0.22000.708) elapsed time: 3.099679 seconds (0d 0h 0m 3s)

---------------  T H R E A D  ---------------

Current thread (0x00000180c11ce040):  JavaThread "C1 CompilerThread0" daemon [_thread_in_vm, id=72808, stack(0x0000004510f00000,0x0000004511000000)]


Current CompileTask:
C1:   3100 1623   !   3       com.sun.org.apache.xerces.internal.impl.XMLDocumentFragmentScannerImpl$FragmentContentDriver::next (2333 bytes)

Stack: [0x0000004510f00000,0x0000004511000000]
Native frames: (J=compiled Java code, j=interpreted, Vv=VM code, C=native code)
V  [jvm.dll+0x67564a]
V  [jvm.dll+0x82fc04]
V  [jvm.dll+0x8313ae]
V  [jvm.dll+0x831a13]
V  [jvm.dll+0x245235]
V  [jvm.dll+0x82bbab]
V  [jvm.dll+0x61a336]
V  [jvm.dll+0x61a39a]
V  [jvm.dll+0x61cbba]
V  [jvm.dll+0x61acd6]
V  [jvm.dll+0x62be2a]
V  [jvm.dll+0x624c5a]
V  [jvm.dll+0x1cc340]
V  [jvm.dll+0x1cc52f]
V  [jvm.dll+0x1465e1]
V  [jvm.dll+0x146425]
V  [jvm.dll+0x13dc69]
V  [jvm.dll+0x140265]
V  [jvm.dll+0x13e544]
V  [jvm.dll+0x13851f]
V  [jvm.dll+0x147fe6]
V  [jvm.dll+0x133c30]
V  [jvm.dll+0x133f90]
V  [jvm.dll+0x134256]
V  [jvm.dll+0x1336ea]
V  [jvm.dll+0x1353b1]
V  [jvm.dll+0x226ef8]
V  [jvm.dll+0x22503c]
V  [jvm.dll+0x7e596b]
V  [jvm.dll+0x7dff2a]
V  [jvm.dll+0x6744d5]
C  [ucrtbase.dll+0x26c0c]
C  [KERNEL32.DLL+0x154e0]
C  [ntdll.dll+0x485b]


---------------  P R O C E S S  ---------------

Threads class SMR info:
_java_thread_list=0x00000180c3853620, length=17, elements={
0x00000180a99247e0, 0x00000180c1186e20, 0x00000180c1188430, 0x00000180c11ea210,
0x00000180bf6edea0, 0x00000180c11c47b0, 0x00000180c11c9a20, 0x00000180c11caea0,
0x00000180c11ce040, 0x00000180c11cf9b0, 0x00000180bf570130, 0x00000180c1494080,
0x00000180c2b4e070, 0x00000180c2c5e910, 0x00000180c2ed83f0, 0x00000180c2e11e60,
0x00000180c384e960
}

Java Threads: ( => current thread )
  0x00000180a99247e0 JavaThread "main" [_thread_blocked, id=68740, stack(0x0000004510500000,0x0000004510600000)]
  0x00000180c1186e20 JavaThread "Reference Handler" daemon [_thread_blocked, id=53200, stack(0x0000004510800000,0x0000004510900000)]
  0x00000180c1188430 JavaThread "Finalizer" daemon [_thread_blocked, id=43604, stack(0x0000004510900000,0x0000004510a00000)]
  0x00000180c11ea210 JavaThread "Signal Dispatcher" daemon [_thread_blocked, id=62500, stack(0x0000004510a00000,0x0000004510b00000)]
  0x00000180bf6edea0 JavaThread "Attach Listener" daemon [_thread_blocked, id=72420, stack(0x0000004510b00000,0x0000004510c00000)]
  0x00000180c11c47b0 JavaThread "Service Thread" daemon [_thread_blocked, id=69572, stack(0x0000004510c00000,0x0000004510d00000)]
  0x00000180c11c9a20 JavaThread "Monitor Deflation Thread" daemon [_thread_blocked, id=61032, stack(0x0000004510d00000,0x0000004510e00000)]
  0x00000180c11caea0 JavaThread "C2 CompilerThread0" daemon [_thread_blocked, id=68744, stack(0x0000004510e00000,0x0000004510f00000)]
=>0x00000180c11ce040 JavaThread "C1 CompilerThread0" daemon [_thread_in_vm, id=72808, stack(0x0000004510f00000,0x0000004511000000)]
  0x00000180c11cf9b0 JavaThread "Sweeper thread" daemon [_thread_blocked, id=61888, stack(0x0000004511000000,0x0000004511100000)]
  0x00000180bf570130 JavaThread "Common-Cleaner" daemon [_thread_blocked, id=71240, stack(0x0000004511100000,0x0000004511200000)]
  0x00000180c1494080 JavaThread "Notification Thread" daemon [_thread_blocked, id=65096, stack(0x0000004511200000,0x0000004511300000)]
  0x00000180c2b4e070 JavaThread "Active Thread: Equinox Container: 178d4fb7-9023-43f6-9fec-b13ff85e8244" [_thread_blocked, id=62216, stack(0x0000004511500000,0x0000004511600000)]
  0x00000180c2c5e910 JavaThread "Framework Event Dispatcher: Equinox Container: 178d4fb7-9023-43f6-9fec-b13ff85e8244" daemon [_thread_blocked, id=48012, stack(0x0000004511b00000,0x0000004511c00000)]
  0x00000180c2ed83f0 JavaThread "Start Level: Equinox Container: 178d4fb7-9023-43f6-9fec-b13ff85e8244" daemon [_thread_in_vm, id=72748, stack(0x0000004511c00000,0x0000004511d00000)]
  0x00000180c2e11e60 JavaThread "SCR Component Actor" daemon [_thread_blocked, id=58052, stack(0x0000004511d00000,0x0000004511e00000)]
  0x00000180c384e960 JavaThread "Timer-0" [_thread_blocked, id=69492, stack(0x0000004511e00000,0x0000004511f00000)]

Other Threads:
  0x00000180bf58b2c0 VMThread "VM Thread" [stack: 0x0000004510700000,0x0000004510800000] [id=70712]
  0x00000180c14053a0 WatcherThread [stack: 0x0000004511300000,0x0000004511400000] [id=57844]
  0x00000180a993c150 GCTaskThread "GC Thread#0" [stack: 0x0000004510600000,0x0000004510700000] [id=71424]
  0x00000180c2c67580 GCTaskThread "GC Thread#1" [stack: 0x0000004511400000,0x0000004511500000] [id=70496]
  0x00000180c2c67830 GCTaskThread "GC Thread#2" [stack: 0x0000004511600000,0x0000004511700000] [id=72944]
  0x00000180c2c67cf0 GCTaskThread "GC Thread#3" [stack: 0x0000004511700000,0x0000004511800000] [id=74548]
  0x00000180c2c6a7d0 GCTaskThread "GC Thread#4" [stack: 0x0000004511800000,0x0000004511900000] [id=57400]
  0x00000180c2c6aa80 GCTaskThread "GC Thread#5" [stack: 0x0000004511900000,0x0000004511a00000] [id=25276]
  0x00000180c2c6cd40 GCTaskThread "GC Thread#6" [stack: 0x0000004511a00000,0x0000004511b00000] [id=70072]

Threads with active compile tasks:
C1 CompilerThread0     3153 1623   !   3       com.sun.org.apache.xerces.internal.impl.XMLDocumentFragmentScannerImpl$FragmentContentDriver::next (2333 bytes)

VM state: not at safepoint (normal execution)

VM Mutex/Monitor currently owned by a thread:  ([mutex/lock_event])
[0x00000180a990e320] Metaspace_lock - owner thread: 0x00000180c11ce040
[0x00000180a9920fa0] MethodData_lock - owner thread: 0x00000180c11ce040

Heap address: 0x00000000c0000000, size: 1024 MB, Compressed Oops mode: 32-bit

CDS archive(s) not mapped
Compressed class space mapped at: 0x0000000100000000-0x0000000140000000, reserved size: 1073741824
Narrow klass base: 0x0000000000000000, Narrow klass shift: 3, Narrow klass range: 0x140000000

GC Precious Log:
 CPUs: 12 total, 12 available
 Memory: 16318M
 Large Page Support: Disabled
 NUMA Support: Disabled
 Compressed Oops: Enabled (32-bit)
 Alignments: Space 512K, Generation 512K, Heap 2M
 Heap Min Capacity: 100M
 Heap Initial Capacity: 100M
 Heap Max Capacity: 1G
 Pre-touch: Disabled
 Parallel Workers: 10

Heap:
 PSYoungGen      total 29696K, used 12223K [0x00000000eab00000, 0x00000000ecc00000, 0x0000000100000000)
  eden space 25600K, 31% used [0x00000000eab00000,0x00000000eb2f4f40,0x00000000ec400000)
  from space 4096K, 99% used [0x00000000ec400000,0x00000000ec7fad70,0x00000000ec800000)
  to   space 4096K, 0% used [0x00000000ec800000,0x00000000ec800000,0x00000000ecc00000)
 ParOldGen       total 68608K, used 916K [0x00000000c0000000, 0x00000000c4300000, 0x00000000eab00000)
  object space 68608K, 1% used [0x00000000c0000000,0x00000000c00e51e0,0x00000000c4300000)
 Metaspace       used 15983K, committed 16256K, reserved 1064960K
  class space    used 1655K, committed 1792K, reserved 1048576K

Card table byte_map: [0x00000180bcf80000,0x00000180bd190000] _byte_map_base: 0x00000180bc980000

Marking Bits: (ParMarkBitMap*) 0x00007ff801d23af0
 Begin Bits: [0x00000180bd2f0000, 0x00000180be2f0000)
 End Bits:   [0x00000180be2f0000, 0x00000180bf2f0000)

Polling page: 0x00000180a99f0000

Metaspace:

Usage:
  Non-class:     13.99 MB used.
      Class:      1.62 MB used.
       Both:     15.61 MB used.

Virtual space:
  Non-class space:       16.00 MB reserved,      14.12 MB ( 88%) committed,  2 nodes.
      Class space:        1.00 GB reserved,       1.75 MB ( <1%) committed,  1 nodes.
             Both:        1.02 GB reserved,      15.88 MB (  2%) committed. 

Chunk freelists:
   Non-Class:  1.17 MB
       Class:  2.09 MB
        Both:  3.27 MB

MaxMetaspaceSize: unlimited
CompressedClassSpaceSize: 1.00 GB
Initial GC threshold: 21.00 MB
Current GC threshold: 21.00 MB
CDS: off
MetaspaceReclaimPolicy: balanced
 - commit_granule_bytes: 65536.
 - commit_granule_words: 8192.
 - virtual_space_node_default_size: 1048576.
 - enlarge_chunks_in_place: 1.
 - new_chunks_are_fully_committed: 0.
 - uncommit_free_chunks: 1.
 - use_allocation_guard: 0.
 - handle_deallocations: 1.


Internal statistics:

num_allocs_failed_limit: 0.
num_arena_births: 100.
num_arena_deaths: 0.
num_vsnodes_births: 3.
num_vsnodes_deaths: 0.
num_space_committed: 254.
num_space_uncommitted: 0.
num_chunks_returned_to_freelist: 0.
num_chunks_taken_from_freelist: 355.
num_chunk_merges: 0.
num_chunk_splits: 233.
num_chunks_enlarged: 179.
num_purges: 0.
num_inconsistent_stats: 0.

CodeHeap 'non-profiled nmethods': size=120000Kb used=547Kb max_used=547Kb free=119452Kb
 bounds [0x00000180b5870000, 0x00000180b5ae0000, 0x00000180bcda0000]
CodeHeap 'profiled nmethods': size=120000Kb used=3080Kb max_used=3080Kb free=116919Kb
 bounds [0x00000180ae340000, 0x00000180ae650000, 0x00000180b5870000]
CodeHeap 'non-nmethods': size=5760Kb used=1165Kb max_used=1182Kb free=4594Kb
 bounds [0x00000180adda0000, 0x00000180ae010000, 0x00000180ae340000]
 total_blobs=2083 nmethods=1624 adapters=373
 compilation: enabled
              stopped_count=0, restarted_count=0
 full_count=0

Compilation events (20 events):
Event: 3.088 Thread 0x00000180c11caea0 1615       4       java.util.zip.ZipFile$Source::isMetaName (141 bytes)
Event: 3.088 Thread 0x00000180c11ce040 nmethod 1614 0x00000180ae63ef90 code [0x00000180ae63f1e0, 0x00000180ae63faa8]
Event: 3.088 Thread 0x00000180c11ce040 1612       1       org.eclipse.core.internal.registry.RegistryObject::getKeyHashCode (5 bytes)
Event: 3.089 Thread 0x00000180c11ce040 nmethod 1612 0x00000180b58f7b90 code [0x00000180b58f7d20, 0x00000180b58f7df8]
Event: 3.091 Thread 0x00000180c11caea0 nmethod 1615 0x00000180b58f7e90 code [0x00000180b58f8020, 0x00000180b58f8298]
Event: 3.091 Thread 0x00000180c11ce040 1616       3       com.sun.org.apache.xerces.internal.utils.XMLSecurityManager$NameMap::getOldName (18 bytes)
Event: 3.092 Thread 0x00000180c11ce040 nmethod 1616 0x00000180ae63fe10 code [0x00000180ae63ffc0, 0x00000180ae640188]
Event: 3.092 Thread 0x00000180c11ce040 1617       3       java.lang.invoke.DirectMethodHandle$Holder::newInvokeSpecial (21 bytes)
Event: 3.092 Thread 0x00000180c11ce040 nmethod 1617 0x00000180ae640290 code [0x00000180ae640480, 0x00000180ae640bc8]
Event: 3.092 Thread 0x00000180c11ce040 1618       3       com.sun.org.apache.xerces.internal.xni.XMLString::<init> (5 bytes)
Event: 3.092 Thread 0x00000180c11ce040 nmethod 1618 0x00000180ae640d90 code [0x00000180ae640f20, 0x00000180ae641078]
Event: 3.092 Thread 0x00000180c11ce040 1619       3       com.sun.org.apache.xerces.internal.util.FeatureState::isExceptional (8 bytes)
Event: 3.092 Thread 0x00000180c11ce040 nmethod 1619 0x00000180ae641110 code [0x00000180ae6412a0, 0x00000180ae6413d8]
Event: 3.093 Thread 0x00000180c11ce040 1620       3       com.sun.org.apache.xerces.internal.impl.XMLNSDocumentScannerImpl::next (39 bytes)
Event: 3.093 Thread 0x00000180c11ce040 nmethod 1620 0x00000180ae641490 code [0x00000180ae641660, 0x00000180ae641998]
Event: 3.093 Thread 0x00000180c11ce040 1621       3       com.sun.org.apache.xerces.internal.impl.XMLDocumentScannerImpl::next (10 bytes)
Event: 3.093 Thread 0x00000180c11ce040 nmethod 1621 0x00000180ae641b10 code [0x00000180ae641cc0, 0x00000180ae641e88]
Event: 3.093 Thread 0x00000180c11ce040 1622       3       com.sun.org.apache.xerces.internal.utils.XMLLimitAnalyzer::addValue (11 bytes)
Event: 3.094 Thread 0x00000180c11ce040 nmethod 1622 0x00000180ae641f90 code [0x00000180ae642140, 0x00000180ae6422a8]
Event: 3.094 Thread 0x00000180c11ce040 1623   !   3       com.sun.org.apache.xerces.internal.impl.XMLDocumentFragmentScannerImpl$FragmentContentDriver::next (2333 bytes)

GC Heap History (2 events):
Event: 2.772 GC heap before
{Heap before GC invocations=1 (full 0):
 PSYoungGen      total 29696K, used 25600K [0x00000000eab00000, 0x00000000ecc00000, 0x0000000100000000)
  eden space 25600K, 100% used [0x00000000eab00000,0x00000000ec400000,0x00000000ec400000)
  from space 4096K, 0% used [0x00000000ec800000,0x00000000ec800000,0x00000000ecc00000)
  to   space 4096K, 0% used [0x00000000ec400000,0x00000000ec400000,0x00000000ec800000)
 ParOldGen       total 68608K, used 0K [0x00000000c0000000, 0x00000000c4300000, 0x00000000eab00000)
  object space 68608K, 0% used [0x00000000c0000000,0x00000000c0000000,0x00000000c4300000)
 Metaspace       used 12796K, committed 12992K, reserved 1064960K
  class space    used 1286K, committed 1408K, reserved 1048576K
}
Event: 2.778 GC heap after
{Heap after GC invocations=1 (full 0):
 PSYoungGen      total 29696K, used 4075K [0x00000000eab00000, 0x00000000ecc00000, 0x0000000100000000)
  eden space 25600K, 0% used [0x00000000eab00000,0x00000000eab00000,0x00000000ec400000)
  from space 4096K, 99% used [0x00000000ec400000,0x00000000ec7fad70,0x00000000ec800000)
  to   space 4096K, 0% used [0x00000000ec800000,0x00000000ec800000,0x00000000ecc00000)
 ParOldGen       total 68608K, used 916K [0x00000000c0000000, 0x00000000c4300000, 0x00000000eab00000)
  object space 68608K, 1% used [0x00000000c0000000,0x00000000c00e51e0,0x00000000c4300000)
 Metaspace       used 12796K, committed 12992K, reserved 1064960K
  class space    used 1286K, committed 1408K, reserved 1048576K
}

Deoptimization events (20 events):
Event: 1.414 Thread 0x00000180a99247e0 Uncommon trap: trap_request=0xffffffde fr.pc=0x00000180b58d4464 relative=0x0000000000000a44
Event: 1.414 Thread 0x00000180a99247e0 Uncommon trap: reason=class_check action=maybe_recompile pc=0x00000180b58d4464 method=java.util.HashMap.putVal(ILjava/lang/Object;Ljava/lang/Object;ZZ)Ljava/lang/Object; @ 91 c2
Event: 1.414 Thread 0x00000180a99247e0 DEOPT PACKING pc=0x00000180b58d4464 sp=0x00000045105fc750
Event: 1.414 Thread 0x00000180a99247e0 DEOPT UNPACKING pc=0x00000180addf20a3 sp=0x00000045105fc678 mode 2
Event: 1.414 Thread 0x00000180a99247e0 Uncommon trap: trap_request=0xffffffde fr.pc=0x00000180b58d4464 relative=0x0000000000000a44
Event: 1.414 Thread 0x00000180a99247e0 Uncommon trap: reason=class_check action=maybe_recompile pc=0x00000180b58d4464 method=java.util.HashMap.putVal(ILjava/lang/Object;Ljava/lang/Object;ZZ)Ljava/lang/Object; @ 91 c2
Event: 1.414 Thread 0x00000180a99247e0 DEOPT PACKING pc=0x00000180b58d4464 sp=0x00000045105fc750
Event: 1.414 Thread 0x00000180a99247e0 DEOPT UNPACKING pc=0x00000180addf20a3 sp=0x00000045105fc678 mode 2
Event: 2.956 Thread 0x00000180c2ed83f0 Uncommon trap: trap_request=0xffffff45 fr.pc=0x00000180b58890b8 relative=0x0000000000000178
Event: 2.956 Thread 0x00000180c2ed83f0 Uncommon trap: reason=unstable_if action=reinterpret pc=0x00000180b58890b8 method=java.lang.invoke.VarHandle.checkExactAccessMode(Ljava/lang/invoke/VarHandle$AccessDescriptor;)V @ 4 c2
Event: 2.956 Thread 0x00000180c2ed83f0 DEOPT PACKING pc=0x00000180b58890b8 sp=0x0000004511cfd400
Event: 2.956 Thread 0x00000180c2ed83f0 DEOPT UNPACKING pc=0x00000180addf20a3 sp=0x0000004511cfd340 mode 2
Event: 2.995 Thread 0x00000180c2ed83f0 Uncommon trap: trap_request=0xffffff45 fr.pc=0x00000180b58db7ec relative=0x00000000000013ac
Event: 2.995 Thread 0x00000180c2ed83f0 Uncommon trap: reason=unstable_if action=reinterpret pc=0x00000180b58db7ec method=java.io.WinNTFileSystem.normalize(Ljava/lang/String;II)Ljava/lang/String; @ 100 c2
Event: 2.995 Thread 0x00000180c2ed83f0 DEOPT PACKING pc=0x00000180b58db7ec sp=0x0000004511cf8d90
Event: 2.995 Thread 0x00000180c2ed83f0 DEOPT UNPACKING pc=0x00000180addf20a3 sp=0x0000004511cf8cd0 mode 2
Event: 3.027 Thread 0x00000180c2ed83f0 Uncommon trap: trap_request=0xffffff45 fr.pc=0x00000180b589dce4 relative=0x0000000000000f24
Event: 3.027 Thread 0x00000180c2ed83f0 Uncommon trap: reason=unstable_if action=reinterpret pc=0x00000180b589dce4 method=java.lang.String.<init>([BIILjava/nio/charset/Charset;)V @ 18 c2
Event: 3.027 Thread 0x00000180c2ed83f0 DEOPT PACKING pc=0x00000180b589dce4 sp=0x0000004511cf8560
Event: 3.027 Thread 0x00000180c2ed83f0 DEOPT UNPACKING pc=0x00000180addf20a3 sp=0x0000004511cf8520 mode 2

Classes unloaded (0 events):
No events

Classes redefined (0 events):
No events

Internal exceptions (20 events):
Event: 0.545 Thread 0x00000180a99247e0 Exception <a 'java/io/FileNotFoundException'{0x00000000eafcd3d8}> (0x00000000eafcd3d8) 
thrown [e:\jenkins\tmp\workspace\build\src\src\hotspot\share\prims\jni.cpp, line 516]
Event: 0.554 Thread 0x00000180a99247e0 Exception <a 'java/io/FileNotFoundException'{0x00000000eafee958}> (0x00000000eafee958) 
thrown [e:\jenkins\tmp\workspace\build\src\src\hotspot\share\prims\jni.cpp, line 516]
Event: 0.709 Thread 0x00000180a99247e0 Exception <a 'java/lang/ClassNotFoundException'{0x00000000eb67b048}: sun/net/www/protocol/c/Handler> (0x00000000eb67b048) 
thrown [e:\jenkins\tmp\workspace\build\src\src\hotspot\share\classfile\systemDictionary.cpp, line 256]
Event: 0.709 Thread 0x00000180a99247e0 Exception <a 'java/lang/ClassNotFoundException'{0x00000000eb67c450}: sun/net/www/protocol/c/Handler> (0x00000000eb67c450) 
thrown [e:\jenkins\tmp\workspace\build\src\src\hotspot\share\classfile\systemDictionary.cpp, line 256]
Event: 0.709 Thread 0x00000180a99247e0 Exception <a 'java/lang/ClassNotFoundException'{0x00000000eb67d730}: sun/net/www/protocol/c/Handler> (0x00000000eb67d730) 
thrown [e:\jenkins\tmp\workspace\build\src\src\hotspot\share\classfile\systemDictionary.cpp, line 256]
Event: 0.723 Thread 0x00000180a99247e0 Exception <a 'java/io/FileNotFoundException'{0x00000000eb69f158}> (0x00000000eb69f158) 
thrown [e:\jenkins\tmp\workspace\build\src\src\hotspot\share\prims\jni.cpp, line 516]
Event: 0.767 Thread 0x00000180a99247e0 Implicit null exception at 0x00000180b589a16c to 0x00000180b589a34c
Event: 0.820 Thread 0x00000180a99247e0 Exception <a 'java/lang/NoSuchMethodError'{0x00000000eb878c28}: 'int java.lang.invoke.DirectMethodHandle$Holder.invokeStaticInit(java.lang.Object, java.lang.Object, java.lang.Object, java.lang.Object)'> (0x00000000eb878c28) 
thrown [e:\jenkins\tmp\workspace\build\src\src\hotspot\share\interpreter\linkResolver.cpp, line 766]
Event: 0.821 Thread 0x00000180a99247e0 Exception <a 'java/lang/NoSuchMethodError'{0x00000000eb883298}: 'java.lang.Object java.lang.invoke.DirectMethodHandle$Holder.invokeInterface(java.lang.Object, java.lang.Object)'> (0x00000000eb883298) 
thrown [e:\jenkins\tmp\workspace\build\src\src\hotspot\share\interpreter\linkResolver.cpp, line 766]
Event: 0.821 Thread 0x00000180a99247e0 Exception <a 'java/lang/IncompatibleClassChangeError'{0x00000000eb886a90}: Found class java.lang.Object, but interface was expected> (0x00000000eb886a90) 
thrown [e:\jenkins\tmp\workspace\build\src\src\hotspot\share\interpreter\linkResolver.cpp, line 833]
Event: 0.822 Thread 0x00000180a99247e0 Exception <a 'java/lang/NoSuchMethodError'{0x00000000eb8899b0}: 'void java.lang.invoke.DirectMethodHandle$Holder.invokeStatic(java.lang.Object, java.lang.Object)'> (0x00000000eb8899b0) 
thrown [e:\jenkins\tmp\workspace\build\src\src\hotspot\share\interpreter\linkResolver.cpp, line 766]
Event: 0.822 Thread 0x00000180a99247e0 Exception <a 'java/lang/NoSuchMethodError'{0x00000000eb88d1b0}: 'void java.lang.invoke.DirectMethodHandle$Holder.invokeStaticInit(java.lang.Object, java.lang.Object)'> (0x00000000eb88d1b0) 
thrown [e:\jenkins\tmp\workspace\build\src\src\hotspot\share\interpreter\linkResolver.cpp, line 766]
Event: 0.824 Thread 0x00000180a99247e0 Exception <a 'java/lang/NoSuchMethodError'{0x00000000eb892dd0}: 'int java.lang.invoke.DirectMethodHandle$Holder.invokeStaticInit(java.lang.Object, java.lang.Object)'> (0x00000000eb892dd0) 
thrown [e:\jenkins\tmp\workspace\build\src\src\hotspot\share\interpreter\linkResolver.cpp, line 766]
Event: 0.847 Thread 0x00000180a99247e0 Exception <a 'java/lang/NoSuchMethodError'{0x00000000eb8e4690}: 'java.lang.Object java.lang.invoke.DirectMethodHandle$Holder.invokeStaticInit(java.lang.Object, int, int, int, int)'> (0x00000000eb8e4690) 
thrown [e:\jenkins\tmp\workspace\build\src\src\hotspot\share\interpreter\linkResolver.cpp, line 766]
Event: 1.048 Thread 0x00000180a99247e0 Exception <a 'java/lang/NoSuchMethodError'{0x00000000eb968f68}: 'java.lang.Object java.lang.invoke.DirectMethodHandle$Holder.invokeStaticInit(java.lang.Object, java.lang.Object, int, int, int, int)'> (0x00000000eb968f68) 
thrown [e:\jenkins\tmp\workspace\build\src\src\hotspot\share\interpreter\linkResolver.cpp, line 766]
Event: 1.119 Thread 0x00000180a99247e0 Exception <a 'java/lang/NoSuchMethodError'{0x00000000eb9fb158}: 'void java.lang.invoke.DirectMethodHandle$Holder.invokeSpecial(java.lang.Object, java.lang.Object, java.lang.Object)'> (0x00000000eb9fb158) 
thrown [e:\jenkins\tmp\workspace\build\src\src\hotspot\share\interpreter\linkResolver.cpp, line 766]
Event: 1.362 Thread 0x00000180a99247e0 Exception <a 'java/lang/NoSuchMethodError'{0x00000000ec0d0a80}: 'java.lang.Object java.lang.invoke.DirectMethodHandle$Holder.newInvokeSpecial(java.lang.Object, int, java.lang.Object)'> (0x00000000ec0d0a80) 
thrown [e:\jenkins\tmp\workspace\build\src\src\hotspot\share\interpreter\linkResolver.cpp, line 766]
Event: 2.791 Thread 0x00000180a99247e0 Exception <a 'java/lang/UnsatisfiedLinkError'{0x00000000eab39ba0}: 'void org.eclipse.equinox.launcher.JNIBridge._update_splash()'> (0x00000000eab39ba0) 
thrown [e:\jenkins\tmp\workspace\build\src\src\hotspot\share\prims\nativeLookup.cpp, line 543]
Event: 2.834 Thread 0x00000180c2ed83f0 Exception <a 'java/lang/NoSuchMethodError'{0x00000000eacce3c8}: 'java.lang.Object java.lang.invoke.DirectMethodHandle$Holder.invokeStaticInit(java.lang.Object)'> (0x00000000eacce3c8) 
thrown [e:\jenkins\tmp\workspace\build\src\src\hotspot\share\interpreter\linkResolver.cpp, line 766]
Event: 2.984 Thread 0x00000180c2ed83f0 Exception <a 'java/io/FileNotFoundException'{0x00000000eafdc9a0}> (0x00000000eafdc9a0) 
thrown [e:\jenkins\tmp\workspace\build\src\src\hotspot\share\prims\jni.cpp, line 516]

VM Operations (16 events):
Event: 0.258 Executing VM operation: HandshakeAllThreads
Event: 0.258 Executing VM operation: HandshakeAllThreads done
Event: 0.866 Executing VM operation: HandshakeAllThreads
Event: 0.866 Executing VM operation: HandshakeAllThreads done
Event: 1.247 Executing VM operation: ICBufferFull
Event: 1.247 Executing VM operation: ICBufferFull done
Event: 1.327 Executing VM operation: HandshakeAllThreads
Event: 1.327 Executing VM operation: HandshakeAllThreads done
Event: 1.336 Executing VM operation: HandshakeAllThreads
Event: 1.336 Executing VM operation: HandshakeAllThreads done
Event: 2.340 Executing VM operation: Cleanup
Event: 2.340 Executing VM operation: Cleanup done
Event: 2.772 Executing VM operation: ParallelGCFailedAllocation
Event: 2.778 Executing VM operation: ParallelGCFailedAllocation done
Event: 2.850 Executing VM operation: HandshakeAllThreads
Event: 2.850 Executing VM operation: HandshakeAllThreads done

Events (20 events):
Event: 3.029 loading class java/util/ResourceBundle$1
Event: 3.030 loading class jdk/internal/access/JavaUtilResourceBundleAccess
Event: 3.030 loading class jdk/internal/access/JavaUtilResourceBundleAccess done
Event: 3.030 loading class java/util/ResourceBundle$1 done
Event: 3.030 loading class java/util/ResourceBundle$2
Event: 3.030 loading class java/util/ResourceBundle$2 done
Event: 3.030 loading class sun/util/PropertyResourceBundleCharset
Event: 3.030 loading class sun/util/PropertyResourceBundleCharset done
Event: 3.030 loading class sun/util/PropertyResourceBundleCharset$PropertiesFileDecoder
Event: 3.030 loading class sun/util/PropertyResourceBundleCharset$PropertiesFileDecoder done
Event: 3.034 loading class jdk/internal/misc/ScopedMemoryAccess$Scope
Event: 3.034 loading class jdk/internal/misc/ScopedMemoryAccess$Scope done
Event: 3.036 loading class jdk/internal/reflect/UnsafeStaticObjectFieldAccessorImpl
Event: 3.036 loading class jdk/internal/reflect/UnsafeStaticObjectFieldAccessorImpl done
Event: 3.038 loading class java/lang/IllegalCallerException
Event: 3.038 loading class java/lang/IllegalCallerException done
Event: 3.040 loading class java/lang/StackWalker$Option
Event: 3.040 loading class java/lang/StackWalker$Option done
Event: 3.042 loading class org/xml/sax/SAXParseException
Event: 3.042 loading class org/xml/sax/SAXParseException done


Dynamic libraries:
0x00007ff7311c0000 - 0x00007ff7311ce000 	c:\Users\0529y\.vscode\extensions\redhat.java-1.6.0-win32-x64\jre\17.0.2-win32-x86_64\bin\java.exe
0x00007ff879e60000 - 0x00007ff87a069000 	C:\WINDOWS\SYSTEM32\ntdll.dll
0x00007ff878640000 - 0x00007ff8786fd000 	C:\WINDOWS\System32\KERNEL32.DLL
0x00007ff8775c0000 - 0x00007ff877939000 	C:\WINDOWS\System32\KERNELBASE.dll
0x00007ff873860000 - 0x00007ff8738f1000 	C:\WINDOWS\SYSTEM32\apphelp.dll
0x00007ff877340000 - 0x00007ff877451000 	C:\WINDOWS\System32\ucrtbase.dll
0x00007ff846330000 - 0x00007ff846348000 	c:\Users\0529y\.vscode\extensions\redhat.java-1.6.0-win32-x64\jre\17.0.2-win32-x86_64\bin\jli.dll
0x00007ff845df0000 - 0x00007ff845e09000 	c:\Users\0529y\.vscode\extensions\redhat.java-1.6.0-win32-x64\jre\17.0.2-win32-x86_64\bin\VCRUNTIME140.dll
0x00007ff879950000 - 0x00007ff879afc000 	C:\WINDOWS\System32\USER32.dll
0x00007ff8779c0000 - 0x00007ff8779e6000 	C:\WINDOWS\System32\win32u.dll
0x00007ff879cd0000 - 0x00007ff879cf9000 	C:\WINDOWS\System32\GDI32.dll
0x00007ff877bd0000 - 0x00007ff877ce2000 	C:\WINDOWS\System32\gdi32full.dll
0x00007ff877520000 - 0x00007ff8775bd000 	C:\WINDOWS\System32\msvcp_win.dll
0x00007ff876560000 - 0x00007ff876805000 	C:\WINDOWS\WinSxS\amd64_microsoft.windows.common-controls_6595b64144ccf1df_6.0.22000.120_none_9d947278b86cc467\COMCTL32.dll
0x00007ff879530000 - 0x00007ff8795d3000 	C:\WINDOWS\System32\msvcrt.dll
0x00007ff879c20000 - 0x00007ff879c51000 	C:\WINDOWS\System32\IMM32.DLL
0x00007ff85ad10000 - 0x00007ff85ad1c000 	c:\Users\0529y\.vscode\extensions\redhat.java-1.6.0-win32-x64\jre\17.0.2-win32-x86_64\bin\vcruntime140_1.dll
0x00007ff83e500000 - 0x00007ff83e591000 	c:\Users\0529y\.vscode\extensions\redhat.java-1.6.0-win32-x64\jre\17.0.2-win32-x86_64\bin\msvcp140.dll
0x00007ff8011a0000 - 0x00007ff801de7000 	c:\Users\0529y\.vscode\extensions\redhat.java-1.6.0-win32-x64\jre\17.0.2-win32-x86_64\bin\server\jvm.dll
0x00007ff8793a0000 - 0x00007ff87944e000 	C:\WINDOWS\System32\ADVAPI32.dll
0x00007ff878980000 - 0x00007ff878a1e000 	C:\WINDOWS\System32\sechost.dll
0x00007ff879b00000 - 0x00007ff879c20000 	C:\WINDOWS\System32\RPCRT4.dll
0x00007ff879700000 - 0x00007ff879708000 	C:\WINDOWS\System32\PSAPI.DLL
0x00007ff86e380000 - 0x00007ff86e38a000 	C:\WINDOWS\SYSTEM32\VERSION.dll
0x00007ff85be00000 - 0x00007ff85be09000 	C:\WINDOWS\SYSTEM32\WSOCK32.dll
0x00007ff878900000 - 0x00007ff87896f000 	C:\WINDOWS\System32\WS2_32.dll
0x00007ff86cd00000 - 0x00007ff86cd33000 	C:\WINDOWS\SYSTEM32\WINMM.dll
0x00007ff876340000 - 0x00007ff876358000 	C:\WINDOWS\SYSTEM32\kernel.appcore.dll
0x00007ff85a9d0000 - 0x00007ff85a9da000 	c:\Users\0529y\.vscode\extensions\redhat.java-1.6.0-win32-x64\jre\17.0.2-win32-x86_64\bin\jimage.dll
0x00007ff876c90000 - 0x00007ff876eb1000 	C:\WINDOWS\SYSTEM32\DBGHELP.DLL
0x00007ff876b60000 - 0x00007ff876b91000 	C:\WINDOWS\SYSTEM32\dbgcore.DLL
0x00007ff877940000 - 0x00007ff8779bf000 	C:\WINDOWS\System32\bcryptPrimitives.dll
0x00007ff83d880000 - 0x00007ff83d8a5000 	c:\Users\0529y\.vscode\extensions\redhat.java-1.6.0-win32-x64\jre\17.0.2-win32-x86_64\bin\java.dll
0x00007ff844ab0000 - 0x00007ff844ac8000 	c:\Users\0529y\.vscode\extensions\redhat.java-1.6.0-win32-x64\jre\17.0.2-win32-x86_64\bin\zip.dll
0x00007ff878a20000 - 0x00007ff8791d8000 	C:\WINDOWS\System32\SHELL32.dll
0x00007ff874dc0000 - 0x00007ff875628000 	C:\WINDOWS\SYSTEM32\windows.storage.dll
0x00007ff8782c0000 - 0x00007ff878639000 	C:\WINDOWS\System32\combase.dll
0x00007ff874c50000 - 0x00007ff874db6000 	C:\WINDOWS\SYSTEM32\wintypes.dll
0x00007ff877cf0000 - 0x00007ff877dda000 	C:\WINDOWS\System32\SHCORE.dll
0x00007ff8798f0000 - 0x00007ff87994d000 	C:\WINDOWS\System32\shlwapi.dll
0x00007ff877270000 - 0x00007ff877291000 	C:\WINDOWS\SYSTEM32\profapi.dll
0x00007ff83f1d0000 - 0x00007ff83f1e9000 	C:\Users\0529y\.vscode\extensions\redhat.java-1.6.0-win32-x64\jre\17.0.2-win32-x86_64\bin\net.dll
0x00007ff86e7b0000 - 0x00007ff86e8bc000 	C:\WINDOWS\SYSTEM32\WINHTTP.dll
0x00007ff876370000 - 0x00007ff8763d7000 	C:\WINDOWS\system32\mswsock.dll
0x00007ff83d4c0000 - 0x00007ff83d4d5000 	C:\Users\0529y\.vscode\extensions\redhat.java-1.6.0-win32-x64\jre\17.0.2-win32-x86_64\bin\nio.dll
0x00007ff876ff0000 - 0x00007ff877008000 	C:\WINDOWS\SYSTEM32\CRYPTSP.dll
0x00007ff875d20000 - 0x00007ff875d55000 	C:\WINDOWS\system32\rsaenh.dll
0x00007ff876180000 - 0x00007ff8761a9000 	C:\WINDOWS\SYSTEM32\USERENV.dll
0x00007ff876ba0000 - 0x00007ff876bc7000 	C:\WINDOWS\SYSTEM32\bcrypt.dll
0x00007ff876300000 - 0x00007ff87630c000 	C:\WINDOWS\SYSTEM32\CRYPTBASE.dll
0x00007ff8758f0000 - 0x00007ff87591d000 	C:\WINDOWS\SYSTEM32\IPHLPAPI.DLL
0x00007ff8796f0000 - 0x00007ff8796f9000 	C:\WINDOWS\System32\NSI.dll
0x00007ff86e990000 - 0x00007ff86e9a9000 	C:\WINDOWS\SYSTEM32\dhcpcsvc6.DLL
0x00007ff86e970000 - 0x00007ff86e98e000 	C:\WINDOWS\SYSTEM32\dhcpcsvc.DLL
0x00007ff875960000 - 0x00007ff875a48000 	C:\WINDOWS\SYSTEM32\DNSAPI.dll
0x00007ff840830000 - 0x00007ff84086e000 	C:\Users\0529y\AppData\Roaming\Code\User\globalStorage\redhat.java\1.6.0\config_win\org.eclipse.equinox.launcher\org.eclipse.equinox.launcher.win32.win32.x86_64_1.2.400.v20211117-0650\eclipse_11602.dll
0x00007ff878700000 - 0x00007ff87889a000 	C:\WINDOWS\System32\ole32.dll

dbghelp: loaded successfully - version: 4.0.5 - missing functions: none
symbol engine: initialized successfully - sym options: 0x614 - pdb path: .;c:\Users\0529y\.vscode\extensions\redhat.java-1.6.0-win32-x64\jre\17.0.2-win32-x86_64\bin;C:\WINDOWS\SYSTEM32;C:\WINDOWS\WinSxS\amd64_microsoft.windows.common-controls_6595b64144ccf1df_6.0.22000.120_none_9d947278b86cc467;c:\Users\0529y\.vscode\extensions\redhat.java-1.6.0-win32-x64\jre\17.0.2-win32-x86_64\bin\server;C:\Users\0529y\AppData\Roaming\Code\User\globalStorage\redhat.java\1.6.0\config_win\org.eclipse.equinox.launcher\org.eclipse.equinox.launcher.win32.win32.x86_64_1.2.400.v20211117-0650

VM Arguments:
jvm_args: --add-modules=ALL-SYSTEM --add-opens=java.base/java.util=ALL-UNNAMED --add-opens=java.base/java.lang=ALL-UNNAMED --add-opens=java.base/sun.nio.fs=ALL-UNNAMED -Declipse.application=org.eclipse.jdt.ls.core.id1 -Dosgi.bundles.defaultStartLevel=4 -Declipse.product=org.eclipse.jdt.ls.core.product -Djava.import.generatesMetadataFilesAtProjectRoot=false -Dfile.encoding=utf8 -DwatchParentProcess=false -XX:+UseParallelGC -XX:GCTimeRatio=4 -XX:AdaptiveSizePolicyWeight=90 -Dsun.zip.disableMemoryMapping=true -Xmx1G -Xms100m -XX:+HeapDumpOnOutOfMemoryError -XX:HeapDumpPath=c:\Users\0529y\AppData\Roaming\Code\User\workspaceStorage\4d2e51faee2052c1a8b586c967f72c3a\redhat.java 
java_command: c:\Users\0529y\.vscode\extensions\redhat.java-1.6.0-win32-x64\server\plugins\org.eclipse.equinox.launcher_1.6.400.v20210924-0641.jar -configuration c:\Users\0529y\AppData\Roaming\Code\User\globalStorage\redhat.java\1.6.0\config_win -data c:\Users\0529y\AppData\Roaming\Code\User\workspaceStorage\4d2e51faee2052c1a8b586c967f72c3a\redhat.java\jdt_ws
java_class_path (initial): c:\Users\0529y\.vscode\extensions\redhat.java-1.6.0-win32-x64\server\plugins\org.eclipse.equinox.launcher_1.6.400.v20210924-0641.jar
Launcher Type: SUN_STANDARD

[Global flags]
    uintx AdaptiveSizePolicyWeight                 = 90                                        {product} {command line}
     intx CICompilerCount                          = 4                                         {product} {ergonomic}
    uintx GCTimeRatio                              = 4                                         {product} {command line}
     bool HeapDumpOnOutOfMemoryError               = true                                   {manageable} {command line}
    ccstr HeapDumpPath                             = c:\Users\0529y\AppData\Roaming\Code\User\workspaceStorage\4d2e51faee2052c1a8b586c967f72c3a\redhat.java         {manageable} {command line}
   size_t InitialHeapSize                          = 104857600                                 {product} {command line}
   size_t MaxHeapSize                              = 1073741824                                {product} {command line}
   size_t MaxNewSize                               = 357564416                                 {product} {ergonomic}
   size_t MinHeapDeltaBytes                        = 524288                                    {product} {ergonomic}
   size_t MinHeapSize                              = 104857600                                 {product} {command line}
   size_t NewSize                                  = 34603008                                  {product} {ergonomic}
    uintx NonNMethodCodeHeapSize                   = 5839372                                {pd product} {ergonomic}
    uintx NonProfiledCodeHeapSize                  = 122909434                              {pd product} {ergonomic}
   size_t OldSize                                  = 70254592                                  {product} {ergonomic}
    uintx ProfiledCodeHeapSize                     = 122909434                              {pd product} {ergonomic}
    uintx ReservedCodeCacheSize                    = 251658240                              {pd product} {ergonomic}
     bool SegmentedCodeCache                       = true                                      {product} {ergonomic}
   size_t SoftMaxHeapSize                          = 1073741824                             {manageable} {ergonomic}
     bool UseCompressedClassPointers               = true                           {product lp64_product} {ergonomic}
     bool UseCompressedOops                        = true                           {product lp64_product} {ergonomic}
     bool UseLargePagesIndividualAllocation        = false                                  {pd product} {ergonomic}
     bool UseParallelGC                            = true                                      {product} {command line}

Logging:
Log output configuration:
 #0: stdout all=warning uptime,level,tags
 #1: stderr all=off uptime,level,tags

Environment Variables:
JAVA_HOME=C:\Program Files\Java\jdk-11.0.15.1
PATH=C:\Program Files\Common Files\Oracle\Java\javapath;C:\Program Files\Java\jdk-11.0.15.1;C:\Windows\System32;C:\Users\0529y\AppData\Local\GitHubDesktop\app-3.0.2\resources\app\git\cmd;C:\Users\0529y\AppData\Local\Microsoft\WindowsApps;C:\Users\0529y\AppData\Local\GitHubDesktop\bin;C:\Users\0529y\AppData\Local\atom\bin;C:\Program Files\JetBrains\IntelliJ IDEA Community Edition 2022.1\bin
USERNAME=t
OS=Windows_NT
PROCESSOR_IDENTIFIER=Intel64 Family 6 Model 158 Stepping 10, GenuineIntel



---------------  S Y S T E M  ---------------

OS:
 Windows 11 , 64 bit Build 22000 (10.0.22000.708)
OS uptime: 7 days 9:15 hours
Hyper-V role detected

CPU: total 12 (initial active 12) (6 cores per cpu, 2 threads per core) family 6 model 158 stepping 10 microcode 0xde, cx8, cmov, fxsr, ht, mmx, 3dnowpref, sse, sse2, sse3, ssse3, sse4.1, sse4.2, popcnt, lzcnt, tsc, tscinvbit, avx, avx2, aes, erms, clmul, bmi1, bmi2, adx, fma, vzeroupper, clflush, clflushopt, hv

Memory: 4k page, system-wide physical 16318M (4270M free)
TotalPageFile size 45574M (AvailPageFile size 4M)
current process WorkingSet (physical memory assigned to process): 89M, peak: 89M
current process commit charge ("private bytes"): 213M, peak: 213M

vm_info: OpenJDK 64-Bit Server VM (17.0.2+8) for windows-amd64 JRE (17.0.2+8), built on Jan 20 2022 04:52:34 by "" with MS VC++ 16.7 (VS2019)

END.
